# JRE version: OpenJDK Runtime Environment (8.0_202-b03) (build 1.8.0_202-release-1483-b03)
# Java VM: OpenJDK 64-Bit Server VM (25.202-b03 mixed mode windows-amd64 compressed oops)
Heap:
 PSYoungGen      total 277504K, used 257024K [0x00000000e0000000, 0x00000000f2700000, 0x0000000100000000)
  eden space 257024K, 100% used [0x00000000e0000000,0x00000000efb00000,0x00000000efb00000)
  from space 20480K, 0% used [0x00000000f1180000,0x00000000f1180000,0x00000000f2580000)
  to   space 22528K, 58% used [0x00000000efb00000,0x00000000f07c6040,0x00000000f1100000)
 ParOldGen       total 158208K, used 32875K [0x00000000a0000000, 0x00000000a9a80000, 0x00000000e0000000)
  object space 158208K, 20% used [0x00000000a0000000,0x00000000a201ae98,0x00000000a9a80000)
 Metaspace       used 64402K, capacity 66208K, committed 66520K, reserved 1107968K
  class space    used 8407K, capacity 8867K, committed 8960K, reserved 1048576K
GC Heap History (10 events):
Event: 12.555 GC heap after
Heap after GC invocations=7 (full 1):
 PSYoungGen      total 198144K, used 10767K [0x00000000e0000000, 0x00000000eea80000, 0x0000000100000000)
  eden space 182784K, 0% used [0x00000000e0000000,0x00000000e0000000,0x00000000eb280000)
  from space 15360K, 70% used [0x00000000ec180000,0x00000000ecc03c78,0x00000000ed080000)
  to   space 15360K, 0% used [0x00000000eb280000,0x00000000eb280000,0x00000000ec180000)
 ParOldGen       total 72192K, used 18202K [0x00000000a0000000, 0x00000000a4680000, 0x00000000e0000000)
  object space 72192K, 25% used [0x00000000a0000000,0x00000000a11c6b88,0x00000000a4680000)
 Metaspace       used 34601K, capacity 35254K, committed 35416K, reserved 1079296K
  class space    used 4791K, capacity 4976K, committed 4992K, reserved 1048576K
}
Event: 12.555 GC heap before
{Heap before GC invocations=8 (full 2):
 PSYoungGen      total 198144K, used 10767K [0x00000000e0000000, 0x00000000eea80000, 0x0000000100000000)
  eden space 182784K, 0% used [0x00000000e0000000,0x00000000e0000000,0x00000000eb280000)
  from space 15360K, 70% used [0x00000000ec180000,0x00000000ecc03c78,0x00000000ed080000)
  to   space 15360K, 0% used [0x00000000eb280000,0x00000000eb280000,0x00000000ec180000)
 ParOldGen       total 72192K, used 18202K [0x00000000a0000000, 0x00000000a4680000, 0x00000000e0000000)
  object space 72192K, 25% used [0x00000000a0000000,0x00000000a11c6b88,0x00000000a4680000)
 Metaspace       used 34601K, capacity 35254K, committed 35416K, reserved 1079296K
  class space    used 4791K, capacity 4976K, committed 4992K, reserved 1048576K
Event: 12.813 GC heap after
Heap after GC invocations=8 (full 2):
 PSYoungGen      total 198144K, used 0K [0x00000000e0000000, 0x00000000eea80000, 0x0000000100000000)
  eden space 182784K, 0% used [0x00000000e0000000,0x00000000e0000000,0x00000000eb280000)
  from space 15360K, 0% used [0x00000000ec180000,0x00000000ec180000,0x00000000ed080000)
  to   space 15360K, 0% used [0x00000000eb280000,0x00000000eb280000,0x00000000ec180000)
 ParOldGen       total 110592K, used 17627K [0x00000000a0000000, 0x00000000a6c00000, 0x00000000e0000000)
  object space 110592K, 15% used [0x00000000a0000000,0x00000000a1136e10,0x00000000a6c00000)
 Metaspace       used 34598K, capacity 35242K, committed 35416K, reserved 1079296K
  class space    used 4790K, capacity 4974K, committed 4992K, reserved 1048576K
}
Event: 16.395 GC heap before
{Heap before GC invocations=9 (full 2):
 PSYoungGen      total 198144K, used 182784K [0x00000000e0000000, 0x00000000eea80000, 0x0000000100000000)
  eden space 182784K, 100% used [0x00000000e0000000,0x00000000eb280000,0x00000000eb280000)
  from space 15360K, 0% used [0x00000000ec180000,0x00000000ec180000,0x00000000ed080000)
  to   space 15360K, 0% used [0x00000000eb280000,0x00000000eb280000,0x00000000ec180000)
 ParOldGen       total 110592K, used 17627K [0x00000000a0000000, 0x00000000a6c00000, 0x00000000e0000000)
  object space 110592K, 15% used [0x00000000a0000000,0x00000000a1136e10,0x00000000a6c00000)
 Metaspace       used 51464K, capacity 52622K, committed 52824K, reserved 1095680K
  class space    used 6901K, capacity 7202K, committed 7296K, reserved 1048576K
Event: 16.452 GC heap after
Heap after GC invocations=9 (full 2):
 PSYoungGen      total 198144K, used 15354K [0x00000000e0000000, 0x00000000f2580000, 0x0000000100000000)
  eden space 182784K, 0% used [0x00000000e0000000,0x00000000e0000000,0x00000000eb280000)
  from space 15360K, 99% used [0x00000000eb280000,0x00000000ec17eaa8,0x00000000ec180000)
  to   space 20480K, 0% used [0x00000000f1180000,0x00000000f1180000,0x00000000f2580000)
 ParOldGen       total 110592K, used 22234K [0x00000000a0000000, 0x00000000a6c00000, 0x00000000e0000000)
  object space 110592K, 20% used [0x00000000a0000000,0x00000000a15b6a40,0x00000000a6c00000)
 Metaspace       used 51464K, capacity 52622K, committed 52824K, reserved 1095680K
  class space    used 6901K, capacity 7202K, committed 7296K, reserved 1048576K
}
Event: 17.899 GC heap before
{Heap before GC invocations=10 (full 2):
 PSYoungGen      total 198144K, used 98389K [0x00000000e0000000, 0x00000000f2580000, 0x0000000100000000)
  eden space 182784K, 45% used [0x00000000e0000000,0x00000000e5116a08,0x00000000eb280000)
  from space 15360K, 99% used [0x00000000eb280000,0x00000000ec17eaa8,0x00000000ec180000)
  to   space 20480K, 0% used [0x00000000f1180000,0x00000000f1180000,0x00000000f2580000)
 ParOldGen       total 110592K, used 22234K [0x00000000a0000000, 0x00000000a6c00000, 0x00000000e0000000)
  object space 110592K, 20% used [0x00000000a0000000,0x00000000a15b6a40,0x00000000a6c00000)
 Metaspace       used 57518K, capacity 58958K, committed 59028K, reserved 1099776K
  class space    used 7772K, capacity 8160K, committed 8192K, reserved 1048576K
Event: 17.934 GC heap after
Heap after GC invocations=10 (full 2):
 PSYoungGen      total 277504K, used 18637K [0x00000000e0000000, 0x00000000f2700000, 0x0000000100000000)
  eden space 257024K, 0% used [0x00000000e0000000,0x00000000e0000000,0x00000000efb00000)
  from space 20480K, 91% used [0x00000000f1180000,0x00000000f23b35f8,0x00000000f2580000)
  to   space 22528K, 0% used [0x00000000efb00000,0x00000000efb00000,0x00000000f1100000)
 ParOldGen       total 110592K, used 22242K [0x00000000a0000000, 0x00000000a6c00000, 0x00000000e0000000)
  object space 110592K, 20% used [0x00000000a0000000,0x00000000a15b8a40,0x00000000a6c00000)
 Metaspace       used 57518K, capacity 58958K, committed 59028K, reserved 1099776K
  class space    used 7772K, capacity 8160K, committed 8192K, reserved 1048576K
}
Event: 17.934 GC heap before
{Heap before GC invocations=11 (full 3):
 PSYoungGen      total 277504K, used 18637K [0x00000000e0000000, 0x00000000f2700000, 0x0000000100000000)
  eden space 257024K, 0% used [0x00000000e0000000,0x00000000e0000000,0x00000000efb00000)
  from space 20480K, 91% used [0x00000000f1180000,0x00000000f23b35f8,0x00000000f2580000)
  to   space 22528K, 0% used [0x00000000efb00000,0x00000000efb00000,0x00000000f1100000)
 ParOldGen       total 110592K, used 22242K [0x00000000a0000000, 0x00000000a6c00000, 0x00000000e0000000)
  object space 110592K, 20% used [0x00000000a0000000,0x00000000a15b8a40,0x00000000a6c00000)
 Metaspace       used 57518K, capacity 58958K, committed 59028K, reserved 1099776K
  class space    used 7772K, capacity 8160K, committed 8192K, reserved 1048576K
Event: 18.359 GC heap after
Heap after GC invocations=11 (full 3):
 PSYoungGen      total 277504K, used 0K [0x00000000e0000000, 0x00000000f2700000, 0x0000000100000000)
  eden space 257024K, 0% used [0x00000000e0000000,0x00000000e0000000,0x00000000efb00000)
  from space 20480K, 0% used [0x00000000f1180000,0x00000000f1180000,0x00000000f2580000)
  to   space 22528K, 0% used [0x00000000efb00000,0x00000000efb00000,0x00000000f1100000)
 ParOldGen       total 158208K, used 32867K [0x00000000a0000000, 0x00000000a9a80000, 0x00000000e0000000)
  object space 158208K, 20% used [0x00000000a0000000,0x00000000a2018e98,0x00000000a9a80000)
 Metaspace       used 57518K, capacity 58958K, committed 59028K, reserved 1099776K
  class space    used 7772K, capacity 8160K, committed 8192K, reserved 1048576K
}
Event: 201.975 GC heap before
{Heap before GC invocations=12 (full 3):
 PSYoungGen      total 277504K, used 257024K [0x00000000e0000000, 0x00000000f2700000, 0x0000000100000000)
  eden space 257024K, 100% used [0x00000000e0000000,0x00000000efb00000,0x00000000efb00000)
  from space 20480K, 0% used [0x00000000f1180000,0x00000000f1180000,0x00000000f2580000)
  to   space 22528K, 0% used [0x00000000efb00000,0x00000000efb00000,0x00000000f1100000)
 ParOldGen       total 158208K, used 32867K [0x00000000a0000000, 0x00000000a9a80000, 0x00000000e0000000)
  object space 158208K, 20% used [0x00000000a0000000,0x00000000a2018e98,0x00000000a9a80000)
 Metaspace       used 64402K, capacity 66208K, committed 66520K, reserved 1107968K
  class space    used 8407K, capacity 8867K, committed 8960K, reserved 1048576K

